Log file open, 01/24/15 19:44:48
LogInit:Display: Running engine for game: StormRunnerUE4
LogInit: Version: 4.6.1-2386410+++depot+UE4-Releases+4.6
LogInit: API Version: 2369412
LogInit: Compiled (64-bit): Dec 11 2014 21:31:39
LogInit: Compiled with Visual C++: 18.00.21005.01
LogInit: Build Configuration: Development
LogInit: Branch Name: ++depot+UE4-Releases+4.6
LogInit: Command line:  
LogInit: Base directory: C:/Program Files/Epic Games/4.6/Engine/Binaries/Win64/
LogInit: Rocket: 1
[2015.01.25-00.44.48:559][  0]LogTaskGraph: Started task graph with 3 named threads and 4 total threads.
[2015.01.25-00.44.48:616][  0]LogOnline:Warning: No default platform service specified for OnlineSubsystem
[2015.01.25-00.44.48:640][  0]LogInit: Presizing for 0 objects not considered by GC, pre-allocating 0 bytes.
[2015.01.25-00.44.48:652][  0]LogInit: Object subsystem initialized
[2015.01.25-00.44.48:654][  0]LogConsoleResponse:Warning: Skipping Unknown console variable: 'UIScaleRule = ShortestSide'
[2015.01.25-00.44.48:654][  0]LogConsoleResponse:Warning:   Found in ini file 'C:/Projects/StormRunnerUE4/Stormrunner/Saved/Config/Windows/Engine.ini', in section '[/Script/Engine.RendererSettings]'
[2015.01.25-00.44.48:654][  0]LogConsoleResponse:Warning: Skipping Unknown console variable: 'UIScaleCurve = (EditorCurveData=(Keys=),ExternalCurve=None)'
[2015.01.25-00.44.48:654][  0]LogConsoleResponse:Warning:   Found in ini file 'C:/Projects/StormRunnerUE4/Stormrunner/Saved/Config/Windows/Engine.ini', in section '[/Script/Engine.RendererSettings]'
[2015.01.25-00.44.48:655][  0]LogConsoleManager:Warning: Console variable 'r.MSAA.CompositingSampleCount' wasn't set (Priority ProjectSetting < Scalability)
[2015.01.25-00.44.48:655][  0]LogInit: Selected Device Profile: [Windows]
[2015.01.25-00.44.48:655][  0]LogInit: Applying CVar settings loaded from the selected device profile: [Windows]
[2015.01.25-00.44.48:664][  0]LogInit: Computer: VZSFP128
[2015.01.25-00.44.48:664][  0]LogInit: User: Carl
[2015.01.25-00.44.48:664][  0]LogInit: CPU Page size=4096, Cores=2
[2015.01.25-00.44.48:664][  0]LogInit: High frequency timer resolution =1.656392 MHz
[2015.01.25-00.44.48:664][  0]LogMemory: Memory total: Physical=3.9GB (4GB approx) Virtual=131072.0GB
[2015.01.25-00.44.48:664][  0]LogMemory: Platform Memory Stats for Windows
[2015.01.25-00.44.48:664][  0]LogMemory: Process Physical Memory: 49.09 MB used, 49.09 MB peak
[2015.01.25-00.44.48:664][  0]LogMemory: Process Virtual Memory: 25.04 MB used, 25.05 MB peak
[2015.01.25-00.44.48:664][  0]LogMemory: Physical Memory: 2894.07 MB used, 3979.71 MB total
[2015.01.25-00.44.48:664][  0]LogMemory: Virtual Memory: 276.91 MB used, 134217728.00 MB total
[2015.01.25-00.44.48:678][  0]LogD3D11RHI: Found D3D11 adapter 0: Intel(R) HD Graphics 4000 (Feature Level 11_0)
[2015.01.25-00.44.48:678][  0]LogD3D11RHI: Adapter has 32MB of dedicated video memory, 0MB of dedicated system memory, and 1760MB of shared system memory, 2 output[s]
[2015.01.25-00.44.48:679][  0]LogD3D11RHI: Found D3D11 adapter 1: Microsoft Basic Render Driver (Feature Level 11_0)
[2015.01.25-00.44.48:679][  0]LogD3D11RHI: Adapter has 0MB of dedicated video memory, 0MB of dedicated system memory, and 256MB of shared system memory, 0 output[s]
[2015.01.25-00.44.48:679][  0]LogD3D11RHI: Chosen D3D11 Adapter Id = 0
[2015.01.25-00.44.48:684][  0]LogRHI: Texture pool is 638 MB (70% of 912 MB)
[2015.01.25-00.44.48:688][  0]LogD3D11RHI: Async texture creation enabled
[2015.01.25-00.44.48:740][  0]LogTextLocalizationManager: The requested culture ('en_US') has no localization data; parent culture's ('en') localization data will be used.
[2015.01.25-00.44.48:920][  0]LogContentStreaming: Texture pool size is 0.000000MB
[2015.01.25-00.44.57:535][  0]LogTargetPlatformManager:Display: Building Assets For Windows
[2015.01.25-00.44.58:365][  0]LogTargetPlatformManager:Display: Building Assets For Windows
[2015.01.25-00.44.58:460][  0]LogDerivedDataCache:Display: Max Cache Size: 512 MB
[2015.01.25-00.44.58:608][  0]LogDerivedDataCache: Loaded boot cache 0.15s 39MB C:/Users/Carl/AppData/Local/UnrealEngine/4.6/DerivedDataCache/Boot.ddc.
[2015.01.25-00.44.58:608][  0]LogDerivedDataCache:Display: Loaded Boot cache: C:/Users/Carl/AppData/Local/UnrealEngine/4.6/DerivedDataCache/Boot.ddc
[2015.01.25-00.44.58:608][  0]LogDerivedDataCache: FDerivedDataBackendGraph:  Pak pak cache file ../../../../../../Projects/StormRunnerUE4/Stormrunner/DerivedDataCache/DDC.ddp not found, will not use a pak cache.
[2015.01.25-00.44.58:608][  0]LogDerivedDataCache: Unable to find inner node Pak for hierarchical cache Hierarchy.
[2015.01.25-00.44.58:716][  0]LogDerivedDataCache:Display: Pak cache opened for reading ../../../Engine/DerivedDataCache/DDC.ddp.
[2015.01.25-00.44.58:729][  0]LogDerivedDataCache: Using Local data cache path C:/Users/Carl/AppData/Local/UnrealEngine/Common/DerivedDataCache: Writable
[2015.01.25-00.44.59:294][  0]LogCollisionProfile:Warning: Profile (UI) - Custom Channel Name = 'Weapon' hasn't been found
[2015.01.25-00.44.59:561][  0]LogMeshUtilities: No automatic mesh reduction module available
[2015.01.25-00.44.59:561][  0]LogMeshUtilities: No automatic mesh merging module available
[2015.01.25-00.45.00:311][  0]LogInit: WinSock: version 1.1 (2.2), MaxSocks=32767, MaxUdp=65467
[2015.01.25-00.45.00:427][  0]LogSlate:Warning: Failed to load font data from '../../../Engine/Content/Slate/Fonts/Roboto-Italic.ttf'
[2015.01.25-00.45.02:530][  0]UdpMessaging: Initializing bridge on interface 0.0.0.0:0 to multicast group 230.0.0.1:6666.
[2015.01.25-00.45.02:782][  0]LogDirectoryWatcher:Warning: Failed to begin reading directory changes for C:/Projects/StormRunnerUE4/Stormrunner/Binaries/Win64. Error: 0
[2015.01.25-00.45.03:109][  0]SourceControl: Info Source control is disabled
[2015.01.25-00.45.03:109][  0]SourceControl: Info Source control is disabled
[2015.01.25-00.45.03:125][  0]SourceControl: Info Source control is disabled
[2015.01.25-00.45.03:423][  0]LogObj: 23754 objects as part of root set at end of initial load.
[2015.01.25-00.45.03:424][  0]LogUObjectAllocator: 5168136 out of 0 bytes used by permanent object pool.
[2015.01.25-00.45.03:516][  0]LogEngine: Initializing Engine...
[2015.01.25-00.45.03:773][  0]LogInit: XAudio2 using 'Headphones (High Definition Audio Device)' : 2 channels at 44.1 kHz using 16 bits per sample (channel mask 0x3)
[2015.01.25-00.45.03:785][  0]LogInit: FAudioDevice initialized.
[2015.01.25-00.45.03:828][  0]LogAIModule: Creating AISystem for world NewWorld
[2015.01.25-00.45.03:862][  0]LogDerivedDataCache: Saved boot cache 0.03s 39MB C:/Users/Carl/AppData/Local/UnrealEngine/4.6/DerivedDataCache/Boot.ddc.
[2015.01.25-00.45.03:867][  0]LogInit: Texture streaming: Enabled
[2015.01.25-00.45.03:917][  0]LogAnalytics: Creating configured Analytics provider AnalyticsET
[2015.01.25-00.45.03:917][  0]LogAnalytics: ET APIKey = Rocket.Release. APIServer = http://et2.epicgames.com/ET2/. AppVersion = 4.6.1-2386410+++depot+UE4-Releases+4.6
[2015.01.25-00.45.03:919][  0]LogAnalytics: SetUserId 8d244188ccff9392d0bc1af1e4bce0d8
[2015.01.25-00.45.03:919][  0]LogAnalytics: AnalyticsET::StartSession [Rocket.Release]
[2015.01.25-00.45.03:963][  0]LogInit: Transaction tracking system initialized
[2015.01.25-00.45.04:165][  0]BlueprintLog: New page: Editor Load
[2015.01.25-00.45.04:229][  0]LogAssetRegistry: FAssetRegistry took 0.0109 seconds to start up
[2015.01.25-00.45.04:230][  0]LogDirectoryWatcher:Warning: Failed to begin reading directory changes for ../../../Engine/Plugins/Experimental/CharacterAI/Content/. Error: 0
[2015.01.25-00.45.05:272][  0]LogTargetPlatformManager:Display: Building Assets For Windows
[2015.01.25-00.45.06:061][  0]LogTargetPlatformManager:Display: Building Assets For Windows
[2015.01.25-00.45.06:539][  0]LogConsoleResponse:Display: 
[2015.01.25-00.45.06:646][  0]LogLinker:Warning: Asset '../../../Engine/Content/Functions/Engine_MaterialFunctions03/Procedurals/ComputeFilterWidth.uasset' has been saved with empty engine version. The asset will be loaded but may be inco