Log file open, 01/24/15 19:21:55
LogInit:Display: Running engine for game: StormRunnerUE4
LogInit: Version: 4.6.1-2386410+++depot+UE4-Releases+4.6
LogInit: API Version: 2369412
LogInit: Compiled (64-bit): Dec 11 2014 21:31:39
LogInit: Compiled with Visual C++: 18.00.21005.01
LogInit: Build Configuration: Development
LogInit: Branch Name: ++depot+UE4-Releases+4.6
LogInit: Command line: 
LogInit: Base directory: C:/Program Files/Epic Games/4.6/Engine/Binaries/Win64/
LogInit: Rocket: 1
[2015.01.25-00.21.55:784][  0]LogTaskGraph: Started task graph with 3 named threads and 4 total threads.
[2015.01.25-00.21.55:819][  0]LogOnline:Warning: No default platform service specified for OnlineSubsystem
[2015.01.25-00.21.55:846][  0]LogInit: Presizing for 0 objects not considered by GC, pre-allocating 0 bytes.
[2015.01.25-00.21.55:859][  0]LogInit: Object subsystem initialized
[2015.01.25-00.21.55:861][  0]LogConsoleResponse:Warning: Skipping Unknown console variable: 'UIScaleRule = ShortestSide'
[2015.01.25-00.21.55:861][  0]LogConsoleResponse:Warning:   Found in ini file 'C:/Projects/StormRunnerUE4/Saved/Config/Windows/Engine.ini', in section '[/Script/Engine.RendererSettings]'
[2015.01.25-00.21.55:861][  0]LogConsoleResponse:Warning: Skipping Unknown console variable: 'UIScaleCurve = (EditorCurveData=(Keys=),ExternalCurve=None)'
[2015.01.25-00.21.55:861][  0]LogConsoleResponse:Warning:   Found in ini file 'C:/Projects/StormRunnerUE4/Saved/Config/Windows/Engine.ini', in section '[/Script/Engine.RendererSettings]'
[2015.01.25-00.21.55:861][  0]LogConsoleManager:Warning: Console variable 'r.MSAA.CompositingSampleCount' wasn't set (Priority ProjectSetting < Scalability)
[2015.01.25-00.21.55:862][  0]LogInit: Selected Device Profile: [Windows]
[2015.01.25-00.21.55:862][  0]LogInit: Applying CVar settings loaded from the selected device profile: [Windows]
[2015.01.25-00.21.55:871][  0]LogInit: Computer: VZSFP128
[2015.01.25-00.21.55:871][  0]LogInit: User: Carl
[2015.01.25-00.21.55:871][  0]LogInit: CPU Page size=4096, Cores=2
[2015.01.25-00.21.55:871][  0]LogInit: High frequency timer resolution =1.656392 MHz
[2015.01.25-00.21.55:871][  0]LogMemory: Memory total: Physical=3.9GB (4GB approx) Virtual=131072.0GB
[2015.01.25-00.21.55:871][  0]LogMemory: Platform Memory Stats for Windows
[2015.01.25-00.21.55:871][  0]LogMemory: Process Physical Memory: 49.03 MB used, 49.03 MB peak
[2015.01.25-00.21.55:872][  0]LogMemory: Process Virtual Memory: 25.04 MB used, 25.04 MB peak
[2015.01.25-00.21.55:872][  0]LogMemory: Physical Memory: 2825.07 MB used, 3979.71 MB total
[2015.01.25-00.21.55:872][  0]LogMemory: Virtual Memory: 276.91 MB used, 134217728.00 MB total
[2015.01.25-00.21.55:886][  0]LogD3D11RHI: Found D3D11 adapter 0: Intel(R) HD Graphics 4000 (Feature Level 11_0)
[2015.01.25-00.21.55:886][  0]LogD3D11RHI: Adapter has 32MB of dedicated video memory, 0MB of dedicated system memory, and 1760MB of shared system memory, 2 output[s]
[2015.01.25-00.21.55:888][  0]LogD3D11RHI: Found D3D11 adapter 1: Microsoft Basic Render Driver (Feature Level 11_0)
[2015.01.25-00.21.55:888][  0]LogD3D11RHI: Adapter has 0MB of dedicated video memory, 0MB of dedicated system memory, and 256MB of shared system memory, 0 output[s]
[2015.01.25-00.21.55:888][  0]LogD3D11RHI: Chosen D3D11 Adapter Id = 0
[2015.01.25-00.21.55:894][  0]LogRHI: Texture pool is 638 MB (70% of 912 MB)
[2015.01.25-00.21.55:898][  0]LogD3D11RHI: Async texture creation enabled
[2015.01.25-00.21.55:948][  0]LogTextLocalizationManager: The requested culture ('en_US') has no localization data; parent culture's ('en') localization data will be used.
[2015.01.25-00.21.56:132][  0]LogContentStreaming: Texture pool size is 0.000000MB
[2015.01.25-00.22.03:755][  0]LogTargetPlatformManager:Display: Building Assets For Windows
[2015.01.25-00.22.04:419][  0]LogTargetPlatformManager:Display: Building Assets For Windows
[2015.01.25-00.22.04:485][  0]LogDerivedDataCache:Display: Max Cache Size: 512 MB
[2015.01.25-00.22.04:541][  0]LogDerivedDataCache: Loaded boot cache 0.06s 39MB C:/Users/Carl/AppData/Local/UnrealEngine/4.6/DerivedDataCache/Boot.ddc.
[2015.01.25-00.22.04:541][  0]LogDerivedDataCache:Display: Loaded Boot cache: C:/Users/Carl/AppData/Local/UnrealEngine/4.6/DerivedDataCache/Boot.ddc
[2015.01.25-00.22.04:541][  0]LogDerivedDataCache: FDerivedDataBackendGraph:  Pak pak cache file ../../../../../../Projects/StormRunnerUE4/DerivedDataCache/DDC.ddp not found, will not use a pak cache.
[2015.01.25-00.22.04:541][  0]LogDerivedDataCache: Unable to find inner node Pak for hierarchical cache Hierarchy.
[2015.01.25-00.22.04:645][  0]LogDerivedDataCache:Display: Pak cache opened for reading ../../../Engine/DerivedDataCache/DDC.ddp.
[2015.01.25-00.22.04:658][  0]LogDerivedDataCache: Using Local data cache path C:/Users/Carl/AppData/Local/UnrealEngine/Common/DerivedDataCache: Writable
[2015.01.25-00.22.04:832][  0]LogCollisionProfile:Warning: Profile (UI) - Custom Channel Name = 'Weapon' hasn't been found
[2015.01.25-00.22.05:021][  0]LogMeshUtilities: No automatic mesh reduction module available
[2015.01.25-00.22.05:021][  0]LogMeshUtilities: No automatic mesh merging module available
[2015.01.25-00.22.05:531][  0]LogInit: WinSock: version 1.1 (2.2), MaxSocks=32767, MaxUdp=65467
[2015.01.25-00.22.05:601][  0]LogSlate:Warning: Failed to load font data from '../../../Engine/Content/Slate/Fonts/Roboto-Italic.ttf'
[2015.01.25-00.22.06:602][  0]UdpMessaging: Initializing bridge on interface 0.0.0.0:0 to multicast group 230.0.0.1:6666.
[2015.01.25-00.22.06:786][  0]LogDirectoryWatcher:Warning: Failed to begin reading directory changes for C:/Projects/StormRunnerUE4/Binaries/Win64. Error: 0
[2015.01.25-00.22.06:964][  0]SourceControl: Info Source control is disabled
[2015.01.25-00.22.06:964][  0]SourceControl: Info Source control is disabled
[2015.01.25-00.22.06:972][  0]SourceControl: Info Source control is disabled
[2015.01.25-00.22.07:114][  0]LogObj: 23754 objects as part of root set at end of initial load.
[2015.01.25-00.22.07:114][  0]LogUObjectAllocator: 5168128 out of 0 bytes used by permanent object pool.
[2015.01.25-00.22.07:185][  0]LogEngine: Initializing Engine...
[2015.01.25-00.22.07:428][  0]LogInit: XAudio2 using 'Headphones (High Definition Audio Device)' : 2 channels at 44.1 kHz using 16 bits per sample (channel mask 0x3)
[2015.01.25-00.22.07:437][  0]LogInit: FAudioDevice initialized.
[2015.01.25-00.22.07:462][  0]LogAIModule: Creating AISystem for world NewWorld
[2015.01.25-00.22.07:487][  0]LogDerivedDataCache: Saved boot cache 0.02s 39MB C:/Users/Carl/AppData/Local/UnrealEngine/4.6/DerivedDataCache/Boot.ddc.
[2015.01.25-00.22.07:494][  0]LogInit: Texture streaming: Enabled
[2015.01.25-00.22.07:527][  0]LogAnalytics: Creating configured Analytics provider AnalyticsET
[2015.01.25-00.22.07:527][  0]LogAnalytics: ET APIKey = Rocket.Release. APIServer = http://et2.epicgames.com/ET2/. AppVersion = 4.6.1-2386410+++depot+UE4-Releases+4.6
[2015.01.25-00.22.07:528][  0]LogAnalytics: SetUserId 8d244188ccff9392d0bc1af1e4bce0d8
[2015.01.25-00.22.07:528][  0]LogAnalytics: AnalyticsET::StartSession [Rocket.Release]
[2015.01.25-00.22.07:545][  0]LogInit: Transaction tracking system initialized
[2015.01.25-00.22.07:653][  0]BlueprintLog: New page: Editor Load
[2015.01.25-00.22.07:686][  0]LogAssetRegistry: FAssetRegistry took 0.0105 seconds to start up
[2015.01.25-00.22.07:686][  0]LogDirectoryWatcher:Warning: Failed to begin reading directory changes for ../../../Engine/Plugins/Experimental/CharacterAI/Content/. Error: 0
[2015.01.25-00.22.08:543][  0]LogTargetPlatformManager:Display: Building Assets For Windows
[2015.01.25-00.22.09:077][  0]LogTargetPlatformManager:Display: Building Assets For Windows
[2015.01.25-00.22.09:374][  0]LogConsoleResponse:Display: 
[2015.01.25-00.22.09:434][  0]LogLinker:Warning: Asset '../../../Engine/Content/Functions/Engine_MaterialFunctions03/Procedurals/ComputeFilterWidth.uasset' has been saved with empty engine version. The asset will be loaded but may be incompatible.
[2015.01.25-00.22.09:669][  0]SourceControl: Info Source control is disabled
[2015.01.25-00.22.09:669][  0]Cmd: MAP LOAD FILE="../../../../../../Projects/StormRunnerUE4/Content/Maps/Example_Map.umap" TEMPLATE=0 SHOWPROGRESS=1
[2015.01.25-00.22.09:670][  0]LightingResults: New page: Lighting Build
[2015.01.25-00.22.09:681][  0]MapCheck: New page: Map Check
[2015.01.25-00.22.09:681][  0]LightingResults: New page: Lighting Build
[2015.01.25-00.22.09:700][  0]LogParticles: Destroying 0 GPU particle simulations for FXSystem 0x0000007719C659E0
[2015.01.25-00.22.10:339][  0]LogEditorServer: Finished looking for orphan Actors (0.000 secs)
[2015.01.25-00.22.10:339][  0]LogAIModule: Creating AISystem for world Example_Map
[2015.01.25-00.22.10:340][  0]Cmd: MAP CHECKDEP
[2015.01.25-00.22.10:340][  0]MapCheck: New page: Example_Map - Jan 24, 2015, 2:22:10 PM
[2015.01.25-00.22.10:470][  0]MapCheck: Info Map check complete: 0 Error(s), 0 Warning(s), took 129.843ms to complete.
[2015.01.25-00.22.10:470][  0]LogFileHelpers: Loading map 'Example_Map' took 0.802
[2015.01.25-00.22.10:627][  0]LogCollectionManager: Loaded 0 collections in 0.001351 seconds
[2015.01.25-00.22.10:757][  0]LogCrashTracker: Crashtracker disabled due to settings.
[2015.01.25-00.22.10:767][  0]LogUObjectGlobals:Warning: Failed to find object 'Class None.'
[2015.01.25-00.22.10:802][  0]LogLoad: Full Startup: 17.29 seconds (BP compile: 0.07 seconds)
[2015.01.25-00.22.11:034][  0]LogRenderer:Warning: Reallocating scene render targets to support 1136x904.
[2015.01.25-00.22.11:828][  4]LogAssetRegistry: Asset discovery search completed in 4.1528 seconds
[2015.01.25-00.22.15:644][ 80]LogContentBrowser:Verbose: The content browser source was changed by the sources view to '/Game/Meshes'
[2015.01.25-00.22.30:347][146]LogFactory: FactoryCreateBinary: StaticMesh with FbxFactory (0 0 E:/MainCar.fbx)
[2015.01.25-00.22.30:360][146]LogFbx: ItemName: GlobalSettings, ItemCount : 1
[2015.01.25-00.22.30:360][146]LogFbx: ItemName: AnimationStack, ItemCount : 1
[2015.01.25-00.22.30:360][146]LogFbx: ItemName: AnimationLayer, ItemCount : 1
[2015.01.25-00.22.30:360][146]LogFbx: ItemName: Geometry, ItemCount : 6
[2015.01.25-00.22.30:360][146]LogFbx: ItemName: Material, ItemCount : 1
[2015.01.25-00.22.30:360][146]LogFbx: ItemName: Texture, ItemCount : 1
[2015.01.25-00.22.30:360][146]LogFbx: ItemName: Model, ItemCount : 6
[2015.01.25-00.22.30:360][146]LogFbx: ItemName: Video, ItemCount : 1
[2015.01.25-00.22.32:312][146]LogFbx: Loading FBX Scene from E:/MainCar.fbx
[2015.01.25-00.22.32:333][146]LogFbx: FBX Scene Loaded Succesfully
[2015.01.25-00.22.32:340][146]LogLinker:Warning: Can't find file '/Game/Meshes/lambert2'
[2015.01.25-00.22.32:340][146]LogLinker:Warning: Can't find file '/Game/Meshes/lambert2'
[2015.01.25-00.22.32:341][146]LogUObjectGlobals:Warning: Failed to find object 'MaterialInterface /Game/Meshes/lambert2.lambert2'
[2015.01.25-00.22.32:343][146]LogLinker:Warning: Can't find file '/Game/Meshes/CarTexture'
[2015.01.25-00.22.32:343][146]LogLinker:Warning: Can't find file '/Game/Meshes/CarTexture'
[2015.01.25-00.22.32:343][146]LogUObjectGlobals:Warning: Failed to find object 'Texture /Game/Meshes/CarTexture.CarTexture'
[2015.01.25-00.22.32:346][146]Format of this PSD is not supported
[2015.01.25-00.22.32:346][146]Error: Texture import failed
[2015.01.25-00.22.32:351][146]LogMaterial: Missing cached shader map for material lambert2, compiling.
[2015.01.25-00.22.32:398][146]LogFbx:Warning: Triangulating static mesh Body
[2015.01.25-00.22.32:965][146]LogFbx:Warning: Triangulating static mesh pCube3
[2015.01.25-00.22.33:021][146]LogFbx:Warning: Triangulating static mesh Wheel3
[2015.01.25-00.22.33:047][146]LogFbx:Warning: Triangulating static mesh Wheel4
[2015.01.25-00.22.33:073][146]LogFbx:Warning: Triangulating static mesh Wheel2
[2015.01.25-00.22.33:099][146]LogFbx:Warning: Triangulating static mesh Wheel1
[2015.01.25-00.22.33:128][146]LogFbx: == Initial material list:
[2015.01.25-00.22.33:128][146]LogFbx: 0: lambert2
[2015.01.25-00.22.33:128][146]LogFbx: 1: lambert2
[2015.01.25-00.22.33:128][146]LogFbx: 2: lambert2
[2015.01.25-00.22.33:128][146]LogFbx: 3: lambert2
[2015.01.25-00.22.33:128][146]LogFbx: 4: lambert2
[2015.01.25-00.22.33:128][146]LogFbx: 5: lambert2
[2015.01.25-00.22.33:128][146]LogFbx:   remap 1 -> 0
[2015.01.25-00.22.33:128][146]LogFbx:   remap 2 -> 0
[2015.01.25-00.22.33:128][146]LogFbx:   remap 3 -> 0
[2015.01.25-00.22.33:128][146]LogFbx:   remap 4 -> 0
[2015.01.25-00.22.33:128][146]LogFbx:   remap 5 -> 0
[2015.01.25-00.22.33:128][146]LogFbx: == After sorting:
[2015.01.25-00.22.33:128][146]LogFbx: 0: lambert2
[2015.01.25-00.22.33:128][146]LogFbx: == Mapping table:
[2015.01.25-00.22.33:128][146]LogFbx:   sort 0 -> 0
[2015.01.25-00.22.33:128][146]LogFbx:   sort 1 -> 0
[2015.01.25-00.22.33:128][146]LogFbx:   sort 2 -> 0
[2015.01.25-00.22.33:128][146]LogFbx:   sort 3 -> 0
[2015.01.25-00.22.33:128][146]LogFbx:   sort 4 -> 0
[2015.01.25-00.22.33:128][146]LogFbx:   sort 5 -> 0
[2015.01.25-00.22.33:132][146]LogStaticMesh: Building static mesh MainCar...
[2015.01.25-00.22.33:184][146]LogLayoutUV:Display: FindCharts: 5 ms
[2015.01.25-00.22.33:191][146]LogLayoutUV:Display: PackCharts: 6 ms
[2015.01.25-00.22.33:191][146]LogLayoutUV:Display:   Rasterize: 10064
[2015.01.25-00.22.33:191][146]LogLayoutUV:Display:   Find: 656
[2015.01.25-00.22.33:214][146]LogLayoutUV:Display: PackCharts: 9 ms
[2015.01.25-00.22.33:214][146]LogLayoutUV:Display:   Rasterize: 15310
[2015.01.25-00.22.33:214][146]LogLayoutUV:Display:   Find: 1100
[2015.01.25-00.22.33:222][146]LogLayoutUV:Display: PackCharts: 7 ms
[2015.01.25-00.22.33:222][146]LogLayoutUV:Display:   Rasterize: 10689
[2015.01.25-00.22.33:222][146]LogLayoutUV:Display:   Find: 1161
[2015.01.25-00.22.33:236][146]LogLayoutUV:Display: PackCharts: 7 ms
[2015.01.25-00.22.33:236][146]LogLayoutUV:Display:   Rasterize: 10271
[2015.01.25-00.22.33:236][146]LogLayoutUV:Display:   Find: 1509
[2015.01.25-00.22.33:244][146]LogLayoutUV:Display: PackCharts: 7 ms
[2015.01.25-00.22.33:244][146]LogLayoutUV:Display:   Rasterize: 11817
[2015.01.25-00.22.33:244][146]LogLayoutUV:Display:   Find: 1174
[2015.01.25-00.22.33:287][146]LogStaticMesh: Built static mesh [155.247070ms] /Game/Meshes/MainCar.MainCar
[2015.01.25-00.22.33:411][146]LogFactory: FactoryCreateBinary: StaticMesh with FbxFactory (0 0 E:/Road1.fbx)
[2015.01.25-00.22.33:428][146]LogFbx: Loading FBX Scene from E:/Road1.fbx
[2015.01.25-00.22.33:442][146]LogFbx: FBX Scene Loaded Succesfully
[2015.01.25-00.22.33:447][146]LogLinker:Warning: Can't find file '/Game/Meshes/lambert2'
[2015.01.25-00.22.33:447][146]LogLinker:Warning: Can't find file '/Game/Meshes/lambert2'
[2015.01.25-00.22.33:447][146]LogFbx:Warning: Triangulating static mesh Road1
[2015.01.25-00.22.33:450][146]LogFbx: == Initial material list:
[2015.01.25-00.22.33:450][146]LogFbx: 0: lambert2
[2015.01.25-00.22.33:450][146]LogFbx: == After sorting:
[2015.01.25-00.22.33:450][146]LogFbx: 0: lambert2
[2015.01.25-00.22.33:450][146]LogFbx: == Mapping table:
[2015.01.25-00.22.33:450][146]LogFbx:   sort 0 -> 0
[2015.01.25-00.22.33:451][146]LogStaticMesh: Building static mesh Road1...
[2015.01.25-00.22.33:451][146]LogLayoutUV:Display: FindCharts: 0 ms
[2015.01.25-00.22.33:451][146]LogLayoutUV:Display: PackCharts: 0 ms
[2015.01.25-00.22.33:451][146]LogLayoutUV:Display:   Rasterize: 417
[2015.01.25-00.22.33:451][146]LogLayoutUV:Display:   Find: 5
[2015.01.25-00.22.33:452][146]LogLayoutUV:Display: PackCharts: 0 ms
[2015.01.25-00.22.33:452][146]LogLayoutUV:Display:   Rasterize: 558
[2015.01.25-00.22.33:452][146]LogLayoutUV:Display:   Find: 6
[2015.01.25-00.22.33:452][146]LogLayoutUV:Display: PackCharts: 0 ms
[2015.01.25-00.22.33:452][146]LogLayoutUV:Display:   Rasterize: 606
[2015.01.25-00.22.33:452][146]LogLayoutUV:Display:   Find: 8
[2015.01.25-00.22.33:453][146]LogLayoutUV:Display: PackCharts: 0 ms
[2015.01.25-00.22.33:453][146]LogLayoutUV:Display:   Rasterize: 649
[2015.01.25-00.22.33:453][146]LogLayoutUV:Display:   Find: 8
[2015.01.25-00.22.33:453][146]LogLayoutUV:Display: PackCharts: 0 ms
[2015.01.25-00.22.33:453][146]LogLayoutUV:Display:   Rasterize: 661
[2015.01.25-00.22.33:453][146]LogLayoutUV:Display:   Find: 8
[2015.01.25-00.22.33:454][146]LogLayoutUV:Display: PackCharts: 0 ms
[2015.01.25-00.22.33:454][146]LogLayoutUV:Display:   Rasterize: 671
[2015.01.25-00.22.33:454][146]LogLayoutUV:Display:   Find: 8
[2015.01.25-00.22.33:454][146]LogLayoutUV:Display: PackCharts: 0 ms
[2015.01.25-00.22.33:454][146]LogLayoutUV:Display:   Rasterize: 669
[2015.01.25-00.22.33:454][146]LogLayoutUV:Display:   Find: 8
[2015.01.25-00.22.33:455][146]LogLayoutUV:Display: PackCharts: 0 ms
[2015.01.25-00.22.33:455][146]LogLayoutUV:Display:   Rasterize: 666
[2015.01.25-00.22.33:455][146]LogLayoutUV:Display:   Find: 8
[2015.01.25-00.22.33:455][146]LogStaticMesh: Built static mesh [4.344986ms] /Game/Meshes/Road1.Road1
[2015.01.25-00.22.33:463][146]LogFactory: FactoryCreateBinary: StaticMesh with FbxFactory (0 0 E:/Road2.fbx)
[2015.01.25-00.22.33:482][146]LogFbx: Loading FBX Scene from E:/Road2.fbx
[2015.01.25-00.22.33:497][146]LogFbx: FBX Scene Loaded Succesfully
[2015.01.25-00.22.33:502][146]LogLinker:Warning: Can't find file '/Game/Meshes/lambert3'
[2015.01.25-00.22.33:502][146]LogLinker:Warning: Can't find file '/Game/Meshes/lambert3'
[2015.01.25-00.22.33:502][146]LogUObjectGlobals:Warning: Failed to find object 'MaterialInterface /Game/Meshes/lambert3.lambert3'
[2015.01.25-00.22.33:506][146]LogLinker:Warning: Can't find file '/Game/Meshes/Road2'
[2015.01.25-00.22.33:506][146]LogLinker:Warning: Can't find file '/Game/Meshes/Road2'
[2015.01.25-00.22.33:506][146]LogUObjectGlobals:Warning: Failed to find object 'Texture /Game/Meshes/Road2.Road2'
[2015.01.25-00.22.33:598][146]LogTexture:Display: Building textures: Road22 (AutoDXT)
[2015.01.25-00.22.33:981][146]LogMaterial: Missing cached shader map for material lambert3, compiling.
[2015.01.25-00.22.34:002][146]LogFbx:Warning: Triangulating static mesh Road2
[2015.01.25-00.22.34:016][146]LogFbx: == Initial material list:
[2015.01.25-00.22.34:016][146]LogFbx: 0: lambert3
[2015.01.25-00.22.34:016][146]LogFbx: == After sorting:
[2015.01.25-00.22.34:016][146]LogFbx: 0: lambert3
[2015.01.25-00.22.34:016][146]LogFbx: == Mapping table:
[2015.01.25-00.22.34:016][146]LogFbx:   sort 0 -> 0
[2015.01.25-00.22.34:022][146]LogStaticMesh: Building static mesh Road2...
[2015.01.25-00.22.34:023][146]LogLayoutUV:Display: FindCharts: 0 ms
[2015.01.25-00.22.34:023][146]LogLayoutUV:Display: PackCharts: 0 ms
[2015.01.25-00.22.34:023][146]LogLayoutUV:Display:   Rasterize: 612
[2015.01.25-00.22.34:023][146]LogLayoutUV:Display:   Find: 6
[2015.01.25-00.22.34:024][146]LogLayoutUV:Display: PackCharts: 0 ms
[2015.01.25-00.22.34:024][146]LogLayoutUV:Display:   Rasterize: 737
[2015.01.25-00.22.34:024][146]LogLayoutUV:Display:   Find: 3
[2015.01.25-00.22.34:024][146]LogLayoutUV:Display: PackCharts: 0 ms
[2015.01.25-00.22.34:024][146]LogLayoutUV:Display:   Rasterize: 840
[2015.01.25-00.22.34:024][146]LogLayoutUV:Display:   Find: 6
[2015.01.25-00.22.34:025][146]LogLayoutUV:Display: PackCharts: 0 ms
[2015.01.25-00.22.34:025][146]LogLayoutUV:Display:   Rasterize: 845
[2015.01.25-00.22.34:025][146]LogLayoutUV:Display:   Find: 8
[2015.01.25-00.22.34:026][146]LogLayoutUV:Display: PackCharts: 0 ms
[2015.01.25-00.22.34:026][146]LogLayoutUV:Display:   Rasterize: 822
[2015.01.25-00.22.34:026][146]LogLayoutUV:Display:   Find: 7
[2015.01.25-00.22.34:026][146]LogLayoutUV:Display: PackCharts: 0 ms
[2015.01.25-00.22.34:026][146]LogLayoutUV:Display:   Rasterize: 859
[2015.01.25-00.22.34:026][146]LogLayoutUV:Display:   Find: 7
[2015.01.25-00.22.34:027][146]LogLayoutUV:Display: PackCharts: 0 ms
[2015.01.25-00.22.34:027][146]LogLayoutUV:Display:   Rasterize: 838
[2015.01.25-00.22.34:027][146]LogLayoutUV:Display:   Find: 7
[2015.01.25-00.22.34:027][146]LogLayoutUV:Display: PackCharts: 0 ms
[2015.01.25-00.22.34:027][146]LogLayoutUV:Display:   Rasterize: 815
[2015.01.25-00.22.34:027][146]LogLayoutUV:Display:   Find: 7
[2015.01.25-00.22.34:028][146]LogStaticMesh: Built static mesh [5.905607ms] /Game/Meshes/Road2.Road2
[2015.01.25-00.22.34:036][146]LogFactory: FactoryCreateBinary: StaticMesh with FbxFactory (0 0 E:/Road3.fbx)
[2015.01.25-00.22.34:054][146]LogFbx: Loading FBX Scene from E:/Road3.fbx
[2015.01.25-00.22.34:067][146]LogFbx: FBX Scene Loaded Succesfully
[2015.01.25-00.22.34:072][146]LogLinker:Warning: Can't find file '/Game/Meshes/lambert2'
[2015.01.25-00.22.34:072][146]LogLinker:Warning: Can't find file '/Game/Meshes/lambert2'
[2015.01.25-00.22.34:072][146]LogFbx:Warning: Triangulating static mesh Road3
[2015.01.25-00.22.34:081][146]LogFbx: == Initial material list:
[2015.01.25-00.22.34:081][146]LogFbx: 0: lambert2
[2015.01.25-00.22.34:081][146]LogFbx: == After sorting:
[2015.01.25-00.22.34:081][146]LogFbx: 0: lambert2
[2015.01.25-00.22.34:081][146]LogFbx: == Mapping table:
[2015.01.25-00.22.34:081][146]LogFbx:   sort 0 -> 0
[2015.01.25-00.22.34:082][146]LogStaticMesh: Building static mesh Road3...
[2015.01.25-00.22.34:082][146]LogLayoutUV:Display: FindCharts: 0 ms
[2015.01.25-00.22.34:087][146]LogLayoutUV:Display: PackCharts: 0 ms
[2015.01.25-00.22.34:087][146]LogLayoutUV:Display:   Rasterize: 295
[2015.01.25-00.22.34:087][146]LogLayoutUV:Display:   Find: 314
[2015.01.25-00.22.34:088][146]LogLayoutUV:Display: PackCharts: 0 ms
[2015.01.25-00.22.34:088][146]LogLayoutUV:Display:   Rasterize: 396
[2015.01.25-00.22.34:088][146]LogLayoutUV:Display:   Find: 994
[2015.01.25-00.22.34:089][146]LogLayoutUV:Display: PackCharts: 1 ms
[2015.01.25-00.22.34:089][146]LogLayoutUV:Display:   Rasterize: 411
[2015.01.25-00.22.34:089][146]LogLayoutUV:Display:   Find: 1334
[2015.01.25-00.22.34:091][146]LogLayoutUV:Display: PackCharts: 1 ms
[2015.01.25-00.22.34:091][146]LogLayoutUV:Display:   Rasterize: 468
[2015.01.25-00.22.34:091][146]LogLayoutUV:Display:   Find: 1407
[2015.01.25-00.22.34:092][146]LogLayoutUV:Display: PackCharts: 1 ms
[2015.01.25-00.22.34:092][146]LogLayoutUV:Display:   Rasterize: 465
[2015.01.25-00.22.34:092][146]LogLayoutUV:Display:   Find: 1417
[2015.01.25-00.22.34:093][146]LogLayoutUV:Display: PackCharts: 1 ms
[2015.01.25-00.22.34:093][146]LogLayoutUV:Display:   Rasterize: 484
[2015.01.25-00.22.34:093][146]LogLayoutUV:Display:   Find: 1860
[2015.01.25-00.22.34:095][146]LogLayoutUV:Display: PackCharts: 1 ms
[2015.01.25-00.22.34:095][146]LogLayoutUV:Display:   Rasterize: 533
[2015.01.25-00.22.34:095][146]LogLayoutUV:Display:   Find: 2454
[2015.01.25-00.22.34:097][146]LogLayoutUV:Display: PackCharts: 1 ms
[2015.01.25-00.22.34:097][146]LogLayoutUV:Display:   Rasterize: 562
[2015.01.25-00.22.34:097][146]LogLayoutUV:Display:   Find: 2196
[2015.01.25-00.22.34:097][146]LogStaticMesh: Built static mesh [15.851924ms] /Game/Meshes/Road3.Road3
[2015.01.25-00.22.34:111][146]LogContentBrowser:Verbose: The content browser source was changed by the sources view to 'None'
[2015.01.25-00.22.34:112][146]LogContentBrowser:Verbose: The content browser source was changed by the sources view to '/Game/Meshes'
[2015.01.25-00.22.34:113][146]LogContentBrowser:Verbose: The content browser source was changed by the sources view to '/Game/Meshes'
[2015.01.25-00.22.34:113][146]LogContentBrowser:Verbose: The content browser source was changed by the sources view to '/Game/Meshes'
[2015.01.25-00.22.34:114][146]LogContentBrowser:Verbose: The content browser source was changed by the sources view to '/Game/Meshes'
[2015.01.25-00.22.39:354][242]Cmd: OBJ SAVEPACKAGE PACKAGE="/Game/Maps/Example_Map" FILE="../../../../../../Projects/StormRunnerUE4/Content/Maps/Example_Map.umap" SILENT=true AUTOSAVING=false KEEPDIRTY=false
[2015.01.25-00.22.41:814][242]LogSavePackage: Save=2346.430176ms
[2015.01.25-00.22.41:814][242]LogSavePackage: Moving '../../../../../../Projects/StormRunnerUE4/Saved/Example_MapB122AD68410C2EF831FC23A5967A74FB.tmp' to '../../../../../../Projects/StormRunnerUE4/Content/Maps/Example_Map.umap'
[2015.01.25-00.32.39:980][ 78]LogFileHelpers: Editor autosave (incl. sublevels) for '/Game/Maps/Example_Map' took 0.033
[2015.01.25-00.32.40:024][ 78]OBJ SavePackage: Generating thumbnails for [1] asset(s) in package [/Game/Meshes/MainCar] ([1] browsable assets)...
[2015.01.25-00.32.40:159][ 78]OBJ SavePackage:     Rendered thumbnail for [StaticMesh /Game/Meshes/MainCar.MainCar]
[2015.01.25-00.32.40:159][ 78]OBJ SavePackage: Finished generating thumbnails for package [/Game/Meshes/MainCar]
[2015.01.25-00.32.40:161][ 78]Cmd: OBJ SAVEPACKAGE PACKAGE="/Game/Meshes/MainCar" FILE="../../../../../../Projects/StormRunnerUE4/Saved/Autosaves/Game/Meshes/MainCar_Auto1.uasset" SILENT=false AUTOSAVING=true
[2015.01.25-00.32.40:416][ 78]LogSavePackage: Save=252.623169ms
[2015.01.25-00.32.40:416][ 78]LogSavePackage: Moving '../../../../../../Projects/StormRunnerUE4/Saved/MainCar_Auto1C49F122845BCECA94689CCB612972429.tmp' to '../../../../../../Projects/StormRunnerUE4/Saved/Autosaves/Game/Meshes/MainCar_Auto1.uasset'
[2015.01.25-00.32.40:436][ 78]OBJ SavePackage: Generating thumbnails for [1] asset(s) in package [/Game/Meshes/lambert2] ([1] browsable assets)...
[2015.01.25-00.32.40:520][ 78]OBJ SavePackage:     Rendered thumbnail for [Material /Game/Meshes/lambert2.lambert2]
[2015.01.25-00.32.40:520][ 78]OBJ SavePackage: Finished generating thumbnails for package [/Game/Meshes/lambert2]
[2015.01.25-00.32.40:523][ 78]Cmd: OBJ SAVEPACKAGE PACKAGE="/Game/Meshes/lambert2" FILE="../../../../../../Projects/StormRunnerUE4/Saved/Autosaves/Game/Meshes/lambert2_Auto1.uasset" SILENT=false AUTOSAVING=true
[2015.01.25-00.32.41:068][ 78]LogSavePackage: Save=543.818726ms
[2015.01.25-00.32.41:069][ 78]LogSavePackage: Moving '../../../../../../Projects/StormRunnerUE4/Saved/lambert2_Auto154B5F60A49BB51DDA85A839E305B2053.tmp' to '../../../../../../Projects/StormRunnerUE4/Saved/Autosaves/Game/Meshes/lambert2_Auto1.uasset'
[2015.01.25-00.32.41:086][ 78]OBJ SavePackage: Generating thumbnails for [1] asset(s) in package [/Game/Meshes/Road1] ([1] browsable assets)...
[2015.01.25-00.32.41:165][ 78]OBJ SavePackage:     Rendered thumbnail for [StaticMesh /Game/Meshes/Road1.Road1]
[2015.01.25-00.32.41:165][ 78]OBJ SavePackage: Finished generating thumbnails for package [/Game/Meshes/Road1]
[2015.01.25-00.32.41:166][ 78]Cmd: OBJ SAVEPACKAGE PACKAGE="/Game/Meshes/Road1" FILE="../../../../../../Projects/StormRunnerUE4/Saved/Autosaves/Game/Meshes/Road1_Auto1.uasset" SILENT=false AUTOSAVING=true
[2015.01.25-00.32.42:279][ 78]LogSavePackage: Save=1109.658203ms
[2015.01.25-00.32.42:279][ 78]LogSavePackage: Moving '../../../../../../Projects/StormRunnerUE4/Saved/Road1_Auto1E3DD8B9641D01AB2D67820ABC003CE55.tmp' to '../../../../../../Projects/StormRunnerUE4/Saved/Autosaves/Game/Meshes/Road1_Auto1.uasset'
[2015.01.25-00.32.42:332][ 78]OBJ SavePackage: Generating thumbnails for [1] asset(s) in package [/Game/Meshes/Road2] ([1] browsable assets)...
[2015.01.25-00.32.42:355][ 78]OBJ SavePackage:     Rendered thumbnail for [StaticMesh /Game/Meshes/Road2.Road2]
[2015.01.25-00.32.42:356][ 78]OBJ SavePackage: Finished generating thumbnails for package [/Game/Meshes/Road2]
[2015.01.25-00.32.42:358][ 78]Cmd: OBJ SAVEPACKAGE PACKAGE="/Game/Meshes/Road2" FILE="../../../../../../Projects/StormRunnerUE4/Saved/Autosaves/Game/Meshes/Road2_Auto1.uasset" SILENT=false AUTOSAVING=true
[2015.01.25-00.32.42:717][ 78]LogSavePackage: Save=355.641663ms
[2015.01.25-00.32.42:718][ 78]LogSavePackage: Moving '../../../../../../Projects/StormRunnerUE4/Saved/Road2_Auto1EAA56DA9477366B5936020BFB87E8870.tmp' to '../../../../../../Projects/StormRunnerUE4/Saved/Autosaves/Game/Meshes/Road2_Auto1.uasset'
[2015.01.25-00.32.42:798][ 78]OBJ SavePackage: Generating thumbnails for [1] asset(s) in package [/Game/Meshes/lambert3] ([1] browsable assets)...
[2015.01.25-00.32.42:890][ 78]OBJ SavePackage:     Rendered thumbnail for [Material /Game/Meshes/lambert3.lambert3]
[2015.01.25-00.32.42:891][ 78]OBJ SavePackage: Finished generating thumbnails for package [/Game/Meshes/lambert3]
[2015.01.25-00.32.42:892][ 78]Cmd: OBJ SAVEPACKAGE PACKAGE="/Game/Meshes/lambert3" FILE="../../../../../../Projects/StormRunnerUE4/Saved/Autosaves/Game/Meshes/lambert3_Auto1.uasset" SILENT=false AUTOSAVING=true
[2015.01.25-00.32.43:959][ 78]LogSavePackage: Save=1064.101929ms
[2015.01.25-00.32.43:959][ 78]LogSavePackage: Moving '../../../../../../Projects/StormRunnerUE4/Saved/lambert3_Auto13CF25D054436B0DD9DE969B8A3E5AABD.tmp' to '../../../../../../Projects/StormRunnerUE4/Saved/Autosaves/Game/Meshes/lambert3_Auto1.uasset'
[2015.01.25-00.32.44:013][ 78]OBJ SavePackage: Generating thumbnails for [1] asset(s) in package [/Game/Meshes/Road22] ([1] browsable assets)...
[2015.01.25-00.32.44:040][ 78]OBJ SavePackage:     Rendered thumbnail for [Texture2D /Game/Meshes/Road22.Road22]
[2015.01.25-00.32.44:040][ 78]OBJ SavePackage: Finished generating thumbnails for package [/Game/Meshes/Road22]
[2015.01.25-00.32.44:042][ 78]Cmd: OBJ SAVEPACKAGE PACKAGE="/Game/Meshes/Road22" FILE="../../../../../../Projects/StormRunnerUE4/Saved/Autosaves/Game/Meshes/Road22_Auto1.uasset" SILENT=false AUTOSAVING=true
[2015.01.25-00.32.44:225][ 78]LogSavePackage: Save=179.718323ms
[2015.01.25-00.32.44:225][ 78]LogSavePackage: Moving '../../../../../../Projects/StormRunnerUE4/Saved/Road22_Auto172598E37432ED4774348C6B145152858.tmp' to '../../../../../../Projects/StormRunnerUE4/Saved/Autosaves/Game/Meshes/Road22_Auto1.uasset'
[2015.01.25-00.32.44:248][ 78]OBJ SavePackage: Generating thumbnails for [1] asset(s) in package [/Game/Meshes/Road3] ([1] browsable assets)...
[2015.01.25-00.32.44:280][ 78]OBJ SavePackage:     Rendered thumbnail for [StaticMesh /Game/Meshes/Road3.Road3]
[2015.01.25-00.32.44:280][ 78]OBJ SavePackage: Finished generating thumbnails for package [/Game/Meshes/Road3]
[2015.01.25-00.32.44:282][ 78]Cmd: OBJ SAVEPACKAGE PACKAGE="/Game/Meshes/Road3" FILE="../../../../../../Projects/StormRunnerUE4/Saved/Autosaves/Game/Meshes/Road3_Auto1.uasset" SILENT=false AUTOSAVING=true
[2015.01.25-00.32.44:833][ 78]LogSavePackage: Save=547.896851ms
[2015.01.25-00.32.44:833][ 78]LogSavePackage: Moving '../../../../../../Projects/StormRunnerUE4/Saved/Road3_Auto13F3EFEC846BCD94641056C92144C99D2.tmp' to '../../../../../../Projects/StormRunnerUE4/Saved/Autosaves/Game/Meshes/Road3_Auto1.uasset'
[2015.01.25-00.32.45:170][ 78]LogFileHelpers: Auto-saving content packages took 5.190
[2015.01.25-00.43.46:401][107]Cmd: OBJ SAVEPACKAGE PACKAGE="/Game/Meshes/lambert2" FILE="../../../../../../Projects/StormRunnerUE4/Content/Meshes/lambert2.uasset" SILENT=true
[2015.01.25-00.43.46:866][107]LogSavePackage: Save=453.227844ms
[2015.01.25-00.43.46:866][107]LogSavePackage: Moving '../../../../../../Projects/StormRunnerUE4/Saved/lambert272FBDD17477001774A7604A778C2446D.tmp' to '../../../../../../Projects/StormRunnerUE4/Content/Meshes/lambert2.uasset'
[2015.01.25-00.43.46:916][107]Cmd: OBJ SAVEPACKAGE PACKAGE="/Game/Meshes/lambert3" FILE="../../../../../../Projects/StormRunnerUE4/Content/Meshes/lambert3.uasset" SILENT=true
[2015.01.25-00.43.47:396][107]LogSavePackage: Save=475.369965ms
[2015.01.25-00.43.47:396][107]LogSavePackage: Moving '../../../../../../Projects/StormRunnerUE4/Saved/lambert33B73CF214D5138466A9044BEC9FE1825.tmp' to '../../../../../../Projects/StormRunnerUE4/Content/Meshes/lambert3.uasset'
[2015.01.25-00.43.47:438][107]Cmd: OBJ SAVEPACKAGE PACKAGE="/Game/Meshes/MainCar" FILE="../../../../../../Projects/StormRunnerUE4/Content/Meshes/MainCar.uasset" SILENT=true
[2015.01.25-00.43.47:654][107]LogSavePackage: Save=213.741669ms
[2015.01.25-00.43.47:654][107]LogSavePackage: Moving '../../../../../../Projects/StormRunnerUE4/Saved/MainCar36B831E7462006860AC9E8A577F67CD8.tmp' to '../../../../../../Projects/StormRunnerUE4/Content/Meshes/MainCar.uasset'
[2015.01.25-00.43.47:699][107]Cmd: OBJ SAVEPACKAGE PACKAGE="/Game/Meshes/Road1" FILE="../../../../../../Projects/StormRunnerUE4/Content/Meshes/Road1.uasset" SILENT=true
[2015.01.25-00.43.48:026][107]LogSavePackage: Save=325.392792ms
[2015.01.25-00.43.48:026][107]LogSavePackage: Moving '../../../../../../Projects/StormRunnerUE4/Saved/Road1E7AC68624DD68FF31AF5C9AC3DDD9E68.tmp' to '../../../../../../Projects/StormRunnerUE4/Content/Meshes/Road1.uasset'
[2015.01.25-00.43.48:062][107]Cmd: OBJ SAVEPACKAGE PACKAGE="/Game/Meshes/Road2" FILE="../../../../../../Projects/StormRunnerUE4/Content/Meshes/Road2.uasset" SILENT=true
[2015.01.25-00.43.48:161][107]LogSavePackage: Save=96.480782ms
[2015.01.25-00.43.48:161][107]LogSavePackage: Moving '../../../../../../Projects/StormRunnerUE4/Saved/Road20FBEF9CA49D16D9A3AE821AFCD0DE806.tmp' to '../../../../../../Projects/StormRunnerUE4/Content/Meshes/Road2.uasset'
[2015.01.25-00.43.48:190][107]Cmd: OBJ SAVEPACKAGE PACKAGE="/Game/Meshes/Road22" FILE="../../../../../../Projects/StormRunnerUE4/Content/Meshes/Road22.uasset" SILENT=true
[2015.01.25-00.43.48:216][107]LogSavePackage: Save=23.182314ms
[2015.01.25-00.43.48:216][107]LogSavePackage: Moving '../../../../../../Projects/StormRunnerUE4/Saved/Road22E0CDAEF9472C4B67FD5BD4B84EDE3D04.tmp' to '../../../../../../Projects/StormRunnerUE4/Content/Meshes/Road22.uasset'
[2015.01.25-00.43.48:260][107]Cmd: OBJ SAVEPACKAGE PACKAGE="/Game/Meshes/Road3" FILE="../../../../../../Projects/StormRunnerUE4/Content/Meshes/Road3.uasset" SILENT=true
[2015.01.25-00.43.48:542][107]LogSavePackage: Save=278.276520ms
[2015.01.25-00.43.48:542][107]LogSavePackage: Moving '../../../../../../Projects/StormRunnerUE4/Saved/Road35D4C78864BF8A3B67F19B4BD85041C52.tmp' to '../../../../../../Projects/StormRunnerUE4/Content/Meshes/Road3.uasset'
[2015.01.25-00.43.49:464][108]Cmd: QUIT_EDITOR
[2015.01.25-00.43.50:096][108]LogExit: Preparing to exit.
[2015.01.25-00.43.50:647][108]LogExit: Editor shut down
[2015.01.25-00.43.50:648][108]LogExit: Transaction tracking system shut down
[2015.01.25-00.43.50:660][108]LogParticles: Destroying 0 GPU particle simulations for FXSystem 0x0000007715EF9760
[2015.01.25-00.43.50:691][108]LogParticles: Destroying 0 GPU particle simulations for FXSystem 0x00000077267C5440
[2015.01.25-00.43.51:224][108]LogParticles: Destroying 0 GPU particle simulations for FXSystem 0x0000007716CF93A0
[2015.01.25-00.43.51:224][108]LogExit: Object subsystem successfully closed.
[2015.01.25-00.43.51:475][108]LogModuleManager: Shutting down and abandoning module AndroidDeviceDetection (172)
[2015.01.25-00.43.51:475][108]LogModuleManager: Shutting down and abandoning module CrashTracker (171)
[2015.01.25-00.43.51:475][108]LogModuleManager: Shutting down and abandoning module SuperSearch (170)
[2015.01.25-00.43.51:475][108]LogModuleManager: Shutting down and abandoning module SceneOutliner (169)
[2015.01.25-00.43.51:475][108]LogModuleManager: Shutting down and abandoning module EditorWidgets (168)
[2015.01.25-00.43.51:475][108]LogModuleManager: Shutting down and abandoning module CollectionManager (167)
[2015.01.25-00.43.51:476][108]LogModuleManager: Shutting down and abandoning module StatsViewer (166)
[2015.01.25-00.43.51:477][108]LogModuleManager: Shutting down and abandoning module FoliageEdit (165)
[2015.01.25-00.43.51:478][108]LogModuleManager: Shutting down and abandoning module LandscapeEditor (164)
[2015.01.25-00.43.51:479][108]LogModuleManager: Shutting down and abandoning module MeshPaint (163)
[2015.01.25-00.43.51:479][108]LogModuleManager: Shutting down and abandoning module ActorPickerMode (162)
[2015.01.25-00.43.51:479][108]LogModuleManager: Shutting down and abandoning module GeometryMode (161)
[2015.01.25-00.43.51:479][108]LogModuleManager: Shutting down and abandoning module TextureAlignMode (160)
[2015.01.25-00.43.51:479][108]LogModuleManager: Shutting down and abandoning module BspMode (159)
[2015.01.25-00.43.51:480][108]LogModuleManager: Shutting down and abandoning module PlacementMode (158)
[2015.01.25-00.43.51:480][108]LogModuleManager: Shutting down and abandoning module AutomationWorker (157)
[2015.01.25-00.43.51:480][108]LogModuleManager: Shutting down and abandoning module CharacterAI (156)
[2015.01.25-00.43.51:480][108]LogModuleManager: Shutting down and abandoning module GameProjectGeneration (155)
[2015.01.25-00.43.51:481][108]LogModuleManager: Shutting down and abandoning module IntroTutorials (154)
[2015.01.25-00.43.51:486][108]LogModuleManager: Shutting down and abandoning module EditorLiveStreaming (153)
[2015.01.25-00.43.51:486][108]LogModuleManager: Shutting down and abandoning module HardwareTargeting (152)
[2015.01.25-00.43.51:486][108]LogModuleManager: Shutting down and abandoning module DeviceProfileEditor (151)
[2015.01.25-00.43.51:486][108]LogModuleManager: Shutting down and abandoning module UndoHistory (150)
[2015.01.25-00.43.51:487][108]LogModuleManager: Shutting down and abandoning module GameplayTagsEditor (149)
[2015.01.25-00.43.51:487][108]LogModuleManager: Shutting down and abandoning module UserFeedback (148)
[2015.01.25-00.43.51:487][108]LogModuleManager: Shutting down and abandoning module XmlParser (147)
[2015.01.25-00.43.51:487][108]LogModuleManager: Shutting down and abandoning module Blutility (146)
[2015.01.25-00.43.51:487][108]LogModuleManager: Shutting down and abandoning module IOSPlatformEditor (145)
[2015.01.25-00.43.51:487][108]LogModuleManager: Shutting down and abandoning module IOSRuntimeSettings (144)
[2015.01.25-00.43.51:487][108]LogModuleManager: Shutting down and abandoning module AndroidPlatformEditor (143)
[2015.01.25-00.43.51:488][108]LogModuleManager: Shutting down and abandoning module AndroidRuntimeSettings (142)
[2015.01.25-00.43.51:488][108]LogModuleManager: Shutting down and abandoning module ProjectTargetPlatformEditor (141)
[2015.01.25-00.43.51:489][108]LogModuleManager: Shutting down and abandoning module ProjectSettingsViewer (140)
[2015.01.25-00.43.51:489][108]LogModuleManager: Shutting down and abandoning module InputBindingEditor (139)
[2015.01.25-00.43.51:491][108]LogModuleManager: Shutting down and abandoning module EditorSettingsViewer (138)
[2015.01.25-00.43.51:492][108]LogModuleManager: Shutting down and abandoning module SettingsEditor (137)
[2015.01.25-00.43.51:492][108]LogModuleManager: Shutting down and abandoning module ProjectLauncher (136)
[2015.01.25-00.43.51:493][108]LogModuleManager: Shutting down and abandoning module SessionFrontend (135)
[2015.01.25-00.43.51:493][108]LogModuleManager: Shutting down and abandoning module ProfilerClient (134)
[2015.01.25-00.43.51:494][108]LogModuleManager: Shutting down and abandoning module TargetDeviceServices (133)
[2015.01.25-00.43.51:494][108]LogModuleManager: Shutting down and abandoning module DeviceManager (132)
[2015.01.25-00.43.51:496][108]LogModuleManager: Shutting down and abandoning module AutomationController (131)
[2015.01.25-00.43.51:497][108]LogModuleManager: Shutting down and abandoning module AutomationWindow (130)
[2015.01.25-00.43.51:498][108]LogModuleManager: Shutting down and abandoning module Layers (129)
[2015.01.25-00.43.51:502][108]LogModuleManager: Shutting down and abandoning module ComponentVisualizers (128)
[2015.01.25-00.43.51:502][108]LogModuleManager: Shutting down and abandoning module DetailCustomizations (127)
[2015.01.25-00.43.51:506][108]LogModuleManager: Shutting down and abandoning module PackagesDialog (126)
[2015.01.25-00.43.51:506][108]LogModuleManager: Shutting down and abandoning module AssetRegistry (125)
[2015.01.25-00.43.51:683][108]LogModuleManager: Shutting down and abandoning module Persona (124)
[2015.01.25-00.43.51:686][108]LogModuleManager: Shutting down and abandoning module Kismet (123)
[2015.01.25-00.43.51:691][108]LogModuleManager: Shutting down and abandoning module GraphEditor (122)
[2015.01.25-00.43.51:692][108]LogModuleManager: Shutting down and abandoning module ClassViewer (121)
[2015.01.25-00.43.51:693][108]LogModuleManager: Shutting down and abandoning module Toolbox (120)
[2015.01.25-00.43.51:693][108]LogModuleManager: Shutting down and abandoning module ModuleUI (119)
[2015.01.25-00.43.51:693][108]LogModuleManager: Shutting down and abandoning module MovieSceneTools (118)
[2015.01.25-00.43.51:696][108]LogModuleManager: Shutting down and abandoning module OutputLog (117)
[2015.01.25-00.43.51:696][108]LogModuleManager: Shutting down and abandoning module GammaUI (116)
[2015.01.25-00.43.51:697][108]LogModuleManager: Shutting down and abandoning module Documentation (115)
[2015.01.25-00.43.51:697][108]LogModuleManager: Shutting down and abandoning module GameLiveStreaming (114)
[2015.01.25-00.43.51:698][108]LogModuleManager: Shutting down and abandoning module StreamingPauseRendering (113)
[2015.01.25-00.43.51:698][108]LogModuleManager: Shutting down and abandoning module HTTP (112)
[2015.01.25-00.43.51:698][108]LogModuleManager: Shutting down and abandoning module AnalyticsET (111)
[2015.01.25-00.43.51:698][108]LogModuleManager: Shutting down and abandoning module Analytics (110)
[2015.01.25-00.43.51:698][108]LogModuleManager: Shutting down and abandoning module AITestSuite (109)
[2015.01.25-00.43.51:699][108]LogModuleManager: Shutting down and abandoning module AIModule (108)
[2015.01.25-00.43.51:699][108]LogModuleManager: Shutting down and abandoning module ProfilerService (107)
[2015.01.25-00.43.51:935][108]LogModuleManager: Shutting down and abandoning module TaskGraph (106)
[2015.01.25-00.43.51:936][108]LogModuleManager: Shutting down and abandoning module GameplayDebugger (105)
[2015.01.25-00.43.51:936][108]LogModuleManager: Shutting down and abandoning module SlateRemote (104)
[2015.01.25-00.43.51:937][108]LogModuleManager: Shutting down and abandoning module ScriptEditorPlugin (103)
[2015.01.25-00.43.51:937][108]LogModuleManager: Shutting down and abandoning module CustomMeshComponent (102)
[2015.01.25-00.43.51:937][108]LogModuleManager: Shutting down and abandoning module CableComponent (101)
[2015.01.25-00.43.51:937][108]LogModuleManager: Shutting down and abandoning module MessagingDebugger (100)
[2015.01.25-00.43.51:938][108]LogModuleManager: Shutting down and abandoning module MediaPlayerEditor (99)
[2015.01.25-00.43.51:939][108]LogModuleManager: Shutting down and abandoning module SpeedTreeImporter (98)
[2015.01.25-00.43.51:939][108]LogModuleManager: Shutting down and abandoning module PluginsEditor (97)
[2015.01.25-00.43.51:939][108]LogModuleManager: Shutting down and abandoning module EpicSurvey (96)
[2015.01.25-00.43.51:942][108]LogModuleManager: Shutting down and abandoning module DesktopPlatform (95)
[2015.01.25-00.43.51:944][108]LogModuleManager: Shutting down and abandoning module VisualStudioSourceCodeAccess (94)
[2015.01.25-00.43.51:944][108]LogModuleManager: Shutting down and abandoning module UObjectPlugin (93)
[2015.01.25-00.43.51:944][108]LogModuleManager: Shutting down and abandoning module SubversionSourceControl (92)
[2015.01.25-00.43.51:945][108]LogModuleManager: Shutting down and abandoning module SourceControl (91)
[2015.01.25-00.43.51:946][108]LogModuleManager: Shutting down and abandoning module PerforceSourceControl (90)
[2015.01.25-00.43.51:947][108]LogModuleManager: Shutting down and abandoning module BlankPlugin (89)
[2015.01.25-00.43.51:947][108]LogModuleManager: Shutting down and abandoning module SlateReflector (88)
[2015.01.25-00.43.51:947][108]LogModuleManager: Shutting down and abandoning module DirectoryWatcher (87)
[2015.01.25-00.43.51:951][108]LogModuleManager: Shutting down and abandoning module HotReload (86)
[2015.01.25-00.43.51:951][108]LogModuleManager: Shutting down and abandoning module MainFrame (85)
[2015.01.25-00.43.51:952][108]LogModuleManager: Shutting down and abandoning module LevelEditor (84)
[2015.01.25-00.43.51:960][108]LogModuleManager: Shutting down and abandoning module ViewportSnapping (83)
[2015.01.25-00.43.51:960][108]LogModuleManager: Shutting down and abandoning module SmartSnapping (82)
[2015.01.25-00.43.51:960][108]LogModuleManager: Shutting down and abandoning module PaperTiledImporter (81)
[2015.01.25-00.43.51:960][108]LogModuleManager: Shutting down and abandoning module PaperJsonImporter (80)
[2015.01.25-00.43.51:960][108]LogModuleManager: Shutting down and abandoning module ContentBrowser (79)
[2015.01.25-00.43.51:960][108]LogModuleManager: Shutting down and abandoning module Paper2DEditor (78)
[2015.01.25-00.43.51:961][108]LogModuleManager: Shutting down and abandoning module ScriptPlugin (77)
[2015.01.25-00.43.51:962][108]LogModuleManager: Shutting down and abandoning module UdpMessaging (76)
[2015.01.25-00.43.52:062][108]LogModuleManager: Shutting down and abandoning module Paper2D (75)
[2015.01.25-00.43.52:063][108]LogModuleManager: Shutting down and abandoning module UE4Game (74)
[2015.01.25-00.43.52:063][108]LogModuleManager: Shutting down and abandoning module WindowsMoviePlayer (73)
[2015.01.25-00.43.52:066][108]LogModuleManager: Shutting down and abandoning module Media (72)
[2015.01.25-00.43.52:067][108]LogModuleManager: Shutting down and abandoning module WmfMedia (71)
[2015.01.25-00.43.52:067][108]LogModuleManager: Shutting down and abandoning module OnlineBlueprintSupport (70)
[2015.01.25-00.43.52:067][108]LogModuleManager: Shutting down and abandoning module PropertyEditor (69)
[2015.01.25-00.43.52:068][108]LogModuleManager: Shutting down and abandoning module BehaviorTreeEditor (68)
[2015.01.25-00.43.52:069][108]LogModuleManager: Shutting down and abandoning module FunctionalTesting (67)
[2015.01.25-00.43.52:069][108]LogModuleManager: Shutting down and abandoning module CollisionAnalyzer (66)
[2015.01.25-00.43.52:070][108]LogModuleManager: Shutting down and abandoning module WorkspaceMenuStructure (65)
[2015.01.25-00.43.52:071][108]LogModuleManager: Shutting down and abandoning module MessageLog (64)
[2015.01.25-00.43.52:071][108]LogModuleManager: Shutting down and abandoning module Sequencer (63)
[2015.01.25-00.43.52:073][108]LogModuleManager: Shutting down and abandoning module AssetTools (62)
[2015.01.25-00.43.52:076][108]LogModuleManager: Shutting down and abandoning module UMGEditor (61)
[2015.01.25-00.43.52:078][108]LogModuleManager: Shutting down and abandoning module UMG (60)
[2015.01.25-00.43.52:079][108]LogModuleManager: Shutting down and abandoning module Slate (59)
[2015.01.25-00.43.52:079][108]LogModuleManager: Shutting down and abandoning module EditorStyle (58)
[2015.01.25-00.43.52:092][108]LogModuleManager: Shutting down and abandoning module SessionServices (57)
[2015.01.25-00.43.52:092][108]LogModuleManager: Shutting down and abandoning module SourceCodeAccess (56)
[2015.01.25-00.43.52:092][108]LogModuleManager: Shutting down and abandoning module HeadMountedDisplay (55)
[2015.01.25-00.43.52:092][108]LogModuleManager: Shutting down and abandoning module XAudio2 (54)
[2015.01.25-00.43.52:092][108]LogModuleManager: Shutting down and abandoning module Networking (52)
[2015.01.25-00.43.52:092][108]LogModuleManager: Shutting down and abandoning module Core (51)
[2015.01.25-00.43.52:092][108]LogModuleManager: Shutting down and abandoning module KismetCompiler (50)
[2015.01.25-00.43.52:093][108]LogModuleManager: Shutting down and abandoning module PhysXFormats (49)
[2015.01.25-00.43.52:093][108]LogModuleManager: Shutting down and abandoning module MeshUtilities (48)
[2015.01.25-00.43.52:093][108]LogModuleManager: Shutting down and abandoning module DerivedDataCache (47)
[2015.01.25-00.43.52:138][108]LogDerivedDataCache: Shutdown
[2015.01.25-00.43.52:138][108]LogModuleManager: Shutting down and abandoning module ShaderFormatOpenGL (46)
[2015.01.25-00.43.52:139][108]LogModuleManager: Shutting down and abandoning module ShaderFormatD3D (45)
[2015.01.25-00.43.52:139][108]LogModuleManager: Shutting down and abandoning module MetalShaderFormat (44)
[2015.01.25-00.43.52:140][108]LogModuleManager: Shutting down and abandoning module TextureFormatUncompressed (43)
[2015.01.25-00.43.52:140][108]LogModuleManager: Shutting down and abandoning module TextureFormatPVR (42)
[2015.01.25-00.43.52:141][108]LogModuleManager: Shutting down and abandoning module TextureFormatDXT (41)
[2015.01.25-00.43.52:141][108]LogModuleManager: Shutting down and abandoning module TextureFormatAndroid (40)
[2015.01.25-00.43.52:142][108]LogModuleManager: Shutting down and abandoning module AudioFormatOpus (39)
[2015.01.25-00.43.52:142][108]LogModuleManager: Shutting down and abandoning module AudioFormatOgg (38)
[2015.01.25-00.43.52:143][108]LogModuleManager: Shutting down and abandoning module AudioFormatADPCM (37)
[2015.01.25-00.43.52:143][108]LogModuleManager: Shutting down and abandoning module LinuxTargetPlatform (36)
[2015.01.25-00.43.52:144][108]LogModuleManager: Shutting down and abandoning module LinuxServerTargetPlatform (35)
[2015.01.25-00.43.52:144][108]LogModuleManager: Shutting down and abandoning module LinuxNoEditorTargetPlatform (34)
[2015.01.25-00.43.52:144][108]LogModuleManager: Shutting down and abandoning module Messaging (33)
[2015.01.25-00.43.52:144][108]LogModuleManager: Shutting down and abandoning module IOSTargetPlatform (32)
[2015.01.25-00.43.52:145][108]LogModuleManager: Shutting down and abandoning module Android_PVRTCTargetPlatform (31)
[2015.01.25-00.43.52:145][108]LogModuleManager: Shutting down and abandoning module Android_ETC2TargetPlatform (30)
[2015.01.25-00.43.52:145][108]LogModuleManager: Shutting down and abandoning module Android_ETC1TargetPlatform (29)
[2015.01.25-00.43.52:145][108]LogModuleManager: Shutting down and abandoning module Android_DXTTargetPlatform (28)
[2015.01.25-00.43.52:145][108]LogModuleManager: Shutting down and abandoning module Android_ATCTargetPlatform (27)
[2015.01.25-00.43.52:145][108]LogModuleManager: Shutting down and abandoning module AndroidTargetPlatform (26)
[2015.01.25-00.43.52:146][108]LogModuleManager: Shutting down and abandoning module WindowsTargetPlatform (25)
[2015.01.25-00.43.52:146][108]LogModuleManager: Shutting down and abandoning module WindowsServerTargetPlatform (24)
[2015.01.25-00.43.52:146][108]LogModuleManager: Shutting down and abandoning module WindowsNoEditorTargetPlatform (23)
[2015.01.25-00.43.52:146][108]LogModuleManager: Shutting down and abandoning module WindowsClientTargetPlatform (22)
[2015.01.25-00.43.52:146][108]LogModuleManager: Shutting down and abandoning module TargetPlatform (21)
[2015.01.25-00.43.52:148][108]LogModuleManager: Shutting down and abandoning module InputCore (20)
[2015.01.25-00.43.52:148][108]LogModuleManager: Shutting down and abandoning module Settings (19)
[2015.01.25-00.43.52:149][108]LogModuleManager: Shutting down and abandoning module ImageWrapper (18)
[2015.01.25-00.43.52:149][108]LogModuleManager: Shutting down and abandoning module OculusRift (15)
[2015.01.25-00.43.52:149][108]LogModuleManager: Shutting down and abandoning module ExampleDeviceProfileSelector (14)
[2015.01.25-00.43.52:149][108]LogModuleManager: Shutting down and abandoning module TextureCompressor (13)
[2015.01.25-00.43.52:150][108]LogModuleManager: Shutting down and abandoning module ShaderCore (12)
[2015.01.25-00.43.52:150][108]LogModuleManager: Shutting down and abandoning module Landscape (11)
[2015.01.25-00.43.52:150][108]LogModuleManager: Shutting down and abandoning module SlateRHIRenderer (10)
[2015.01.25-00.43.52:166][108]LogModuleManager: Shutting down and abandoning module OpenGLDrv (9)
[2015.01.25-00.43.52:167][108]LogModuleManager: Shutting down and abandoning module D3D11RHI (8)
[2015.01.25-00.43.52:167][108]LogModuleManager: Shutting down and abandoning module Renderer (7)
[2015.01.25-00.43.52:167][108]LogModuleManager: Shutting down and abandoning module Engine (6)
[2015.01.25-00.43.52:167][108]LogModuleManager: Shutting down and abandoning module CoreUObject (5)
[2015.01.25-00.43.52:167][108]LogModuleManager: Shutting down and abandoning module NetworkFile (4)
[2015.01.25-00.43.52:167][108]LogModuleManager: Shutting down and abandoning module StreamingFile (3)
[2015.01.25-00.43.52:168][108]LogModuleManager: Shutting down and abandoning module SandboxFile (2)
[2015.01.25-00.43.52:168][108]LogModuleManager: Shutting down and abandoning module PakFile (1)
[2015.01.25-00.43.52:170][108]LogExit: Exiting.
[2015.01.25-00.43.52:207][108]Log file closed, 01/24/15 19:43:52
